TN:
SF:server.js
FN:29,(anonymous_0)
FN:33,(anonymous_1)
FNF:2
FNH:1
FNDA:0,(anonymous_0)
FNDA:1,(anonymous_1)
DA:10,1
DA:11,1
DA:13,1
DA:14,1
DA:15,1
DA:16,1
DA:17,1
DA:20,1
DA:23,1
DA:26,1
DA:27,1
DA:29,1
DA:30,0
DA:33,1
DA:34,1
LF:15
LH:14
BRDA:11,0,0,1
BRDA:11,0,1,1
BRF:2
BRH:2
end_of_record
TN:
SF:config/db.js
FN:3,connectDB
FN:13,(anonymous_1)
FN:17,(anonymous_2)
FNF:3
FNH:2
FNDA:1,connectDB
FNDA:0,(anonymous_1)
FNDA:1,(anonymous_2)
DA:4,1
DA:5,1
DA:7,0
DA:8,0
DA:11,1
DA:13,1
DA:14,0
DA:17,1
DA:18,1
DA:20,1
LF:10
LH:7
BRF:0
BRH:0
end_of_record
TN:
SF:config/utils.js
FNF:0
FNH:0
DA:2,2
DA:4,2
DA:5,2
DA:6,2
LF:4
LH:4
BRF:0
BRH:0
end_of_record
TN:
SF:controllers/auth-controller.js
FN:12,(anonymous_0)
FN:51,(anonymous_1)
FN:103,(anonymous_2)
FN:117,(anonymous_3)
FN:180,(anonymous_4)
FN:241,(anonymous_5)
FN:255,(anonymous_6)
FN:320,(anonymous_7)
FN:378,(anonymous_8)
FNF:9
FNH:0
FNDA:0,(anonymous_0)
FNDA:0,(anonymous_1)
FNDA:0,(anonymous_2)
FNDA:0,(anonymous_3)
FNDA:0,(anonymous_4)
FNDA:0,(anonymous_5)
FNDA:0,(anonymous_6)
FNDA:0,(anonymous_7)
FNDA:0,(anonymous_8)
DA:7,1
DA:8,1
DA:12,1
DA:13,0
DA:14,0
DA:15,0
DA:16,0
DA:18,0
DA:19,0
DA:20,0
DA:22,0
DA:23,0
DA:24,0
DA:27,0
DA:30,0
DA:31,0
DA:32,0
DA:43,0
DA:51,1
DA:52,0
DA:53,0
DA:54,0
DA:55,0
DA:57,0
DA:58,0
DA:59,0
DA:63,0
DA:64,0
DA:71,0
DA:78,0
DA:79,0
DA:81,0
DA:83,0
DA:94,0
DA:103,1
DA:104,0
DA:105,0
DA:113,0
DA:117,1
DA:118,0
DA:119,0
DA:120,0
DA:125,0
DA:126,0
DA:127,0
DA:140,0
DA:143,0
DA:144,0
DA:145,0
DA:146,0
DA:148,0
DA:152,0
DA:153,0
DA:156,0
DA:159,0
DA:160,0
DA:161,0
DA:172,0
DA:180,1
DA:181,0
DA:182,0
DA:183,0
DA:188,0
DA:189,0
DA:190,0
DA:203,0
DA:206,0
DA:207,0
DA:208,0
DA:209,0
DA:211,0
DA:212,0
DA:215,0
DA:218,0
DA:219,0
DA:221,0
DA:232,0
DA:241,1
DA:242,0
DA:243,0
DA:251,0
DA:255,1
DA:256,0
DA:257,0
DA:258,0
DA:263,0
DA:264,0
DA:265,0
DA:276,0
DA:279,0
DA:280,0
DA:282,0
DA:283,0
DA:284,0
DA:285,0
DA:287,0
DA:291,0
DA:292,0
DA:295,0
DA:298,0
DA:299,0
DA:301,0
DA:312,0
DA:320,1
DA:321,0
DA:322,0
DA:323,0
DA:328,0
DA:329,0
DA:330,0
DA:341,0
DA:344,0
DA:345,0
DA:346,0
DA:347,0
DA:349,0
DA:350,0
DA:353,0
DA:356,0
DA:357,0
DA:359,0
DA:370,0
DA:378,1
DA:379,0
DA:380,0
DA:381,0
DA:383,0
DA:385,0
LF:128
LH:11
BRDA:15,0,0,0
BRDA:15,0,1,0
BRDA:15,1,0,0
BRDA:15,1,1,0
BRDA:15,1,2,0
BRDA:19,2,0,0
BRDA:19,2,1,0
BRDA:54,3,0,0
BRDA:54,3,1,0
BRDA:54,4,0,0
BRDA:54,4,1,0
BRDA:58,5,0,0
BRDA:58,5,1,0
BRDA:63,6,0,0
BRDA:63,6,1,0
BRDA:63,7,0,0
BRDA:63,7,1,0
BRDA:119,8,0,0
BRDA:119,8,1,0
BRDA:145,9,0,0
BRDA:145,9,1,0
BRDA:182,10,0,0
BRDA:182,10,1,0
BRDA:208,11,0,0
BRDA:208,11,1,0
BRDA:257,12,0,0
BRDA:257,12,1,0
BRDA:279,13,0,0
BRDA:279,13,1,0
BRDA:284,14,0,0
BRDA:284,14,1,0
BRDA:322,15,0,0
BRDA:322,15,1,0
BRDA:346,16,0,0
BRDA:346,16,1,0
BRF:35
BRH:0
end_of_record
TN:
SF:controllers/posts-controller.js
FN:8,(anonymous_0)
FN:63,(anonymous_1)
FN:73,(anonymous_2)
FN:83,(anonymous_3)
FN:100,(anonymous_4)
FN:110,(anonymous_5)
FN:125,(anonymous_6)
FN:142,(anonymous_7)
FNF:8
FNH:8
FNDA:10,(anonymous_0)
FNDA:3,(anonymous_1)
FNDA:3,(anonymous_2)
FNDA:5,(anonymous_3)
FNDA:3,(anonymous_4)
FNDA:3,(anonymous_5)
FNDA:5,(anonymous_6)
FNDA:5,(anonymous_7)
DA:8,2
DA:9,10
DA:17,10
DA:20,10
DA:21,2
DA:27,8
DA:28,8
DA:29,2
DA:35,6
DA:36,2
DA:41,4
DA:50,4
DA:57,1
DA:59,3
DA:63,2
DA:64,3
DA:65,3
DA:66,1
DA:67,1
DA:69,2
DA:73,2
DA:74,3
DA:75,3
DA:76,1
DA:77,1
DA:79,2
DA:83,2
DA:84,5
DA:85,5
DA:87,5
DA:88,2
DA:93,3
DA:94,1
DA:96,2
DA:100,2
DA:101,3
DA:102,3
DA:103,1
DA:104,1
DA:106,2
DA:110,2
DA:111,3
DA:112,3
DA:115,2
DA:116,1
DA:119,1
DA:121,1
DA:125,2
DA:126,5
DA:127,5
DA:132,2
DA:133,1
DA:136,1
DA:138,3
DA:142,2
DA:143,5
DA:144,5
DA:147,2
DA:148,1
DA:151,1
DA:153,2
LF:61
LH:61
BRDA:16,0,0,0
BRDA:20,1,0,2
BRDA:20,1,1,8
BRDA:20,2,0,10
BRDA:20,2,1,8
BRDA:20,2,2,8
BRDA:20,2,3,8
BRDA:20,2,4,8
BRDA:28,3,0,2
BRDA:28,3,1,6
BRDA:35,4,0,2
BRDA:35,4,1,4
BRDA:87,5,0,2
BRDA:87,5,1,3
BRDA:115,6,0,1
BRDA:115,6,1,1
BRDA:132,7,0,1
BRDA:132,7,1,1
BRDA:147,8,0,1
BRDA:147,8,1,1
BRF:20
BRH:19
end_of_record
TN:
SF:models/post.js
FNF:0
FNH:0
DA:3,1
LF:1
LH:1
BRF:0
BRH:0
end_of_record
TN:
SF:models/user.js
FNF:0
FNH:0
DA:3,1
LF:1
LH:1
BRF:0
BRH:0
end_of_record
TN:
SF:routes/auth.js
FNF:0
FNH:0
DA:2,1
DA:16,1
DA:17,1
DA:18,1
DA:21,1
DA:22,1
DA:23,1
DA:26,1
DA:27,1
DA:30,1
LF:10
LH:10
BRF:0
BRH:0
end_of_record
TN:
SF:routes/posts.js
FNF:0
FNH:0
DA:14,1
DA:17,1
DA:20,1
DA:23,1
DA:26,1
DA:29,1
DA:31,1
DA:34,1
DA:37,1
LF:9
LH:9
BRF:0
BRH:0
end_of_record
TN:
SF:services/redis.js
FN:6,connectToRedis
FN:22,getRedisClient
FNF:2
FNH:2
FNDA:1,connectToRedis
FNDA:18,getRedisClient
DA:4,2
DA:7,1
DA:8,1
DA:9,0
DA:13,0
DA:15,1
DA:18,0
DA:23,18
LF:8
LH:5
BRDA:8,0,0,0
BRDA:8,0,1,1
BRF:2
BRH:1
end_of_record
TN:
SF:tests/utils/helper-objects.js
FN:8,(anonymous_0)
FN:20,(anonymous_1)
FNF:2
FNH:2
FNDA:27,(anonymous_0)
FNDA:23,(anonymous_1)
DA:3,2
DA:8,2
DA:9,27
DA:20,2
DA:21,23
LF:5
LH:5
BRDA:8,0,0,6
BRDA:10,1,0,27
BRDA:10,1,1,12
BRDA:11,2,0,27
BRDA:11,2,1,27
BRDA:12,3,0,27
BRDA:12,3,1,25
BRDA:13,4,0,27
BRDA:13,4,1,22
BRDA:14,5,0,27
BRDA:14,5,1,27
BRDA:15,6,0,27
BRDA:15,6,1,23
BRDA:20,7,0,6
BRDA:22,8,0,23
BRDA:22,8,1,15
BRDA:23,9,0,23
BRDA:23,9,1,11
BRF:18
BRH:18
end_of_record
TN:
SF:utils/cache-posts.js
FN:5,isRedisEnabled
FN:9,retrieveDataFromCache
FN:20,storeDataInCache
FN:27,deleteDataFromCache
FNF:4
FNH:4
FNDA:18,isRedisEnabled
FNDA:3,retrieveDataFromCache
FNDA:3,storeDataInCache
FNDA:12,deleteDataFromCache
DA:6,18
DA:10,3
DA:12,0
DA:13,0
DA:14,0
DA:15,0
DA:17,0
DA:21,3
DA:23,0
DA:24,0
DA:28,12
DA:30,0
DA:31,0
LF:13
LH:4
BRDA:10,0,0,3
BRDA:10,0,1,0
BRDA:14,1,0,0
BRDA:14,1,1,0
BRDA:21,2,0,3
BRDA:21,2,1,0
BRDA:28,3,0,12
BRDA:28,3,1,0
BRF:8
BRH:3
end_of_record
TN:
SF:utils/constants.js
FNF:0
FNH:0
DA:1,2
DA:10,2
DA:18,2
DA:42,2
DA:48,2
LF:5
LH:5
BRF:0
BRH:0
end_of_record
TN:
SF:utils/cookie_options.js
FNF:0
FNH:0
DA:1,1
DA:7,1
LF:2
LH:2
BRF:0
BRH:0
end_of_record
TN:
SF:utils/middleware.js
FN:4,(anonymous_0)
FN:4,(anonymous_1)
FNF:2
FNH:2
FNDA:3,(anonymous_0)
FNDA:3,(anonymous_1)
DA:4,3
DA:5,3
DA:6,3
DA:7,3
DA:8,0
DA:9,0
DA:11,3
DA:13,0
LF:8
LH:5
BRDA:7,0,0,0
BRDA:7,0,1,3
BRF:2
BRH:1
end_of_record
